<?xml version="1.0" encoding="UTF-8"?>
<!-- Generated by org.testng.reporters.JUnitXMLReporter -->
<testsuite hostname="DESKTOP-6CGMIUT" ignored="0" name="Default test" tests="4" failures="0" timestamp="28 Jul 2021 14:18:04 GMT" time="35.495" errors="0">
  <testcase name="TC_02_Element_Not_Found_Implicit" time="11.036" classname="webdriver.Topic_16_Wait_6_Mixing"/>
  <testcase name="TC_03_Element_Not_Found_Implicit_Explicit" time="20.853" classname="webdriver.Topic_16_Wait_6_Mixing"/>
  <testcase name="TC_04_Element_Not_Found_Explicit_Param_By" time="0.0" classname="webdriver.Topic_16_Wait_6_Mixing"/>
  <testcase name="TC_05_Element_Not_Found_Explicit_Param_WebElement" time="0.0" classname="webdriver.Topic_16_Wait_6_Mixing"/>
</testsuite> <!-- Default test -->
