{"name":"Employee_01_Add_New_Article","status":"failed","statusDetails":{"known":false,"muted":false,"flaky":false,"message":"java.lang.AssertionError","trace":"java.lang.AssertionError\r\n\tat pageObjects.chub.ArticleListPO.getNumberOfPage(ArticleListPO.java:135)\r\n\tat com.chub.admin.Login_Account.Employee_01_Add_New_Article(Login_Account.java:78)\r\n\tat java.base/jdk.internal.reflect.NativeMethodAccessorImpl.invoke0(Native Method)\r\n\tat java.base/jdk.internal.reflect.NativeMethodAccessorImpl.invoke(NativeMethodAccessorImpl.java:77)\r\n\tat java.base/jdk.internal.reflect.DelegatingMethodAccessorImpl.invoke(DelegatingMethodAccessorImpl.java:43)\r\n\tat java.base/java.lang.reflect.Method.invoke(Method.java:568)\r\n\tat org.testng.internal.invokers.MethodInvocationHelper.invokeMethod(MethodInvocationHelper.java:141)\r\n\tat org.testng.internal.invokers.TestInvoker.invokeMethod(TestInvoker.java:686)\r\n\tat org.testng.internal.invokers.TestInvoker.invokeTestMethod(TestInvoker.java:230)\r\n\tat org.testng.internal.invokers.MethodRunner.runInSequence(MethodRunner.java:63)\r\n\tat org.testng.internal.invokers.TestInvoker$MethodInvocationAgent.invoke(TestInvoker.java:992)\r\n\tat org.testng.internal.invokers.TestInvoker.invokeTestMethods(TestInvoker.java:203)\r\n\tat org.testng.internal.invokers.TestMethodWorker.invokeTestMethods(TestMethodWorker.java:154)\r\n\tat org.testng.internal.invokers.TestMethodWorker.run(TestMethodWorker.java:134)\r\n\tat java.base/java.util.ArrayList.forEach(ArrayList.java:1511)\r\n\tat org.testng.TestRunner.privateRun(TestRunner.java:739)\r\n\tat org.testng.TestRunner.run(TestRunner.java:614)\r\n\tat org.testng.SuiteRunner.runTest(SuiteRunner.java:421)\r\n\tat org.testng.SuiteRunner$SuiteWorker.run(SuiteRunner.java:463)\r\n\tat org.testng.internal.thread.ThreadUtil.lambda$execute$0(ThreadUtil.java:64)\r\n\tat java.base/java.util.concurrent.FutureTask.run(FutureTask.java:264)\r\n\tat java.base/java.util.concurrent.ThreadPoolExecutor.runWorker(ThreadPoolExecutor.java:1136)\r\n\tat java.base/java.util.concurrent.ThreadPoolExecutor$Worker.run(ThreadPoolExecutor.java:635)\r\n\tat java.base/java.lang.Thread.run(Thread.java:840)\r\n"},"stage":"finished","description":"Register to system and check registered success","steps":[],"attachments":[],"parameters":[{"name":"url","value":"https://stag.service.cms.newshub.kr"},{"name":"browser","value":"chrome"}],"start":1724986683299,"stop":1724986699085,"uuid":"f3b4c084-dc1b-4c38-86b9-6181274bc64b","historyId":"6c6e93ff237a9280b2d36801687d8f42","fullName":"com.chub.admin.Login_Account.Employee_01_Add_New_Article","labels":[{"name":"package","value":"com.chub.admin.Login_Account"},{"name":"testClass","value":"com.chub.admin.Login_Account"},{"name":"testMethod","value":"Employee_01_Add_New_Article"},{"name":"parentSuite","value":"TestSuite"},{"name":"suite","value":"Run on Chrome"},{"name":"subSuite","value":"com.chub.admin.Login_Account"},{"name":"host","value":"hungdq"},{"name":"thread","value":"23164@hungdq.TestNG-tests-1(26)"},{"name":"framework","value":"testng"},{"name":"language","value":"java"},{"name":"story","value":"Register"},{"name":"severity","value":"normal"}],"links":[]}