<?xml version="1.0" encoding="UTF-8"?>
<testng-results skipped="0" failed="0" ignored="0" total="4" passed="4">
  <reporter-output>
  </reporter-output>
  <suite name="Default suite" duration-ms="35495" started-at="2021-07-28T14:17:28Z" finished-at="2021-07-28T14:18:04Z">
    <groups>
    </groups>
    <test name="Default test" duration-ms="35495" started-at="2021-07-28T14:17:28Z" finished-at="2021-07-28T14:18:04Z">
      <class name="webdriver.Topic_16_Wait_6_Mixing">
        <test-method status="PASS" signature="beforeClass()[pri:0, instance:webdriver.Topic_16_Wait_6_Mixing@6cc4c815]" name="beforeClass" is-config="true" duration-ms="3085" started-at="2021-07-28T14:17:28Z" finished-at="2021-07-28T14:17:31Z">
          <reporter-output>
          </reporter-output>
        </test-method> <!-- beforeClass -->
        <test-method status="PASS" signature="TC_02_Element_Not_Found_Implicit()[pri:0, instance:webdriver.Topic_16_Wait_6_Mixing@6cc4c815]" name="TC_02_Element_Not_Found_Implicit" duration-ms="11036" started-at="2021-07-28T14:17:31Z" finished-at="2021-07-28T14:17:42Z">
          <reporter-output>
          </reporter-output>
        </test-method> <!-- TC_02_Element_Not_Found_Implicit -->
        <test-method status="PASS" signature="TC_03_Element_Not_Found_Implicit_Explicit()[pri:0, instance:webdriver.Topic_16_Wait_6_Mixing@6cc4c815]" name="TC_03_Element_Not_Found_Implicit_Explicit" duration-ms="20853" started-at="2021-07-28T14:17:42Z" finished-at="2021-07-28T14:18:03Z">
          <reporter-output>
          </reporter-output>
        </test-method> <!-- TC_03_Element_Not_Found_Implicit_Explicit -->
        <test-method status="PASS" signature="TC_04_Element_Not_Found_Explicit_Param_By()[pri:0, instance:webdriver.Topic_16_Wait_6_Mixing@6cc4c815]" name="TC_04_Element_Not_Found_Explicit_Param_By" duration-ms="0" started-at="2021-07-28T14:18:03Z" finished-at="2021-07-28T14:18:03Z">
          <reporter-output>
          </reporter-output>
        </test-method> <!-- TC_04_Element_Not_Found_Explicit_Param_By -->
        <test-method status="PASS" signature="TC_05_Element_Not_Found_Explicit_Param_WebElement()[pri:0, instance:webdriver.Topic_16_Wait_6_Mixing@6cc4c815]" name="TC_05_Element_Not_Found_Explicit_Param_WebElement" duration-ms="0" started-at="2021-07-28T14:18:03Z" finished-at="2021-07-28T14:18:03Z">
          <reporter-output>
          </reporter-output>
        </test-method> <!-- TC_05_Element_Not_Found_Explicit_Param_WebElement -->
        <test-method status="PASS" signature="afterClass()[pri:0, instance:webdriver.Topic_16_Wait_6_Mixing@6cc4c815]" name="afterClass" is-config="true" duration-ms="509" started-at="2021-07-28T14:18:03Z" finished-at="2021-07-28T14:18:04Z">
          <reporter-output>
          </reporter-output>
        </test-method> <!-- afterClass -->
      </class> <!-- webdriver.Topic_16_Wait_6_Mixing -->
    </test> <!-- Default test -->
  </suite> <!-- Default suite -->
</testng-results>
