<?xml version="1.0" encoding="UTF-8"?>
<!-- Generated by org.testng.reporters.JUnitReportReporter -->
<testsuite skipped="0" hostname="DESKTOP-6CGMIUT" name="webdriver.Topic_05_Web_Button_Checkbox_Radiobutton" tests="2" failures="0" timestamp="04 Jul 2021 08:30:08 GMT" time="20.231" errors="0">
  <testcase name="TC_04_radio_Checkbox_Custome" time="2.804" classname="webdriver.Topic_05_Web_Button_Checkbox_Radiobutton"/>
  <testcase name="TC_01_dropdown" time="17.427" classname="webdriver.Topic_05_Web_Button_Checkbox_Radiobutton"/>
</testsuite> <!-- webdriver.Topic_05_Web_Button_Checkbox_Radiobutton -->
