<?xml version="1.0" encoding="UTF-8"?>
<!-- Generated by org.testng.reporters.JUnitReportReporter -->
<testsuite skipped="0" hostname="DESKTOP-6CGMIUT" name="webdriver.Topic_16_Wait_2_findElement" tests="2" failures="0" timestamp="25 Jul 2021 08:56:50 GMT" time="12.097" errors="0">
  <testcase name="TC_02_FindElements" time="11.027" classname="webdriver.Topic_16_Wait_2_findElement"/>
  <testcase name="TC_01_FindElement" time="1.070" classname="webdriver.Topic_16_Wait_2_findElement"/>
</testsuite> <!-- webdriver.Topic_16_Wait_2_findElement -->
