<?xml version="1.0" encoding="UTF-8"?>
<!-- Generated by org.testng.reporters.JUnitReportReporter -->
<testsuite hostname="DESKTOP-6CGMIUT" name="webdriver.Topic_02_Xpath_CSS_Part_I_Locator" tests="8" failures="0" timestamp="31 May 2021 12:59:04 GMT" time="59.673" errors="0">
  <testcase name="TC_08_Xpath" time="13.264" classname="webdriver.Topic_02_Xpath_CSS_Part_I_Locator"/>
  <testcase name="TC_03_TagName" time="3.612" classname="webdriver.Topic_02_Xpath_CSS_Part_I_Locator"/>
  <testcase name="TC_01_ID" time="6.146" classname="webdriver.Topic_02_Xpath_CSS_Part_I_Locator"/>
  <testcase name="TC_07_CSS" time="11.784" classname="webdriver.Topic_02_Xpath_CSS_Part_I_Locator"/>
  <testcase name="TC_04_Tagname" time="0.024" classname="webdriver.Topic_02_Xpath_CSS_Part_I_Locator"/>
  <testcase name="TC_05_LinkText" time="3.474" classname="webdriver.Topic_02_Xpath_CSS_Part_I_Locator"/>
  <testcase name="TC_02_Name1" time="9.200" classname="webdriver.Topic_02_Xpath_CSS_Part_I_Locator"/>
  <testcase name="TC_06_Partial_LinkText" time="12.169" classname="webdriver.Topic_02_Xpath_CSS_Part_I_Locator"/>
</testsuite> <!-- webdriver.Topic_02_Xpath_CSS_Part_I_Locator -->
