<?xml version="1.0" encoding="UTF-8"?>
<!-- Generated by org.testng.reporters.JUnitReportReporter -->
<testsuite hostname="DESKTOP-6CGMIUT" name="webdriver.Topic_01_Check_Environment" tests="3" failures="0" timestamp="18 Apr 2021 02:56:21 GMT" time="0.056" errors="0">
  <testcase name="TC_03_LoginFormDisplayed" time="0.036" classname="webdriver.Topic_01_Check_Environment"/>
  <testcase name="TC_02_ValidatePageTitle" time="0.006" classname="webdriver.Topic_01_Check_Environment"/>
  <testcase name="TC_01_ValidateCurrentUrl" time="0.014" classname="webdriver.Topic_01_Check_Environment"/>
</testsuite> <!-- webdriver.Topic_01_Check_Environment -->
