<?xml version="1.0" encoding="UTF-8"?>
<!-- Generated by org.testng.reporters.JUnitReportReporter -->
<testsuite skipped="0" hostname="DESKTOP-6CGMIUT" name="webdriver.Topic_15_Wait" tests="3" failures="0" timestamp="23 Jul 2021 08:36:58 GMT" time="6.358" errors="0">
  <testcase name="TC_02_Invisible_Displayed" time="2.666" classname="webdriver.Topic_15_Wait"/>
  <testcase name="TC_03_Presence" time="1.839" classname="webdriver.Topic_15_Wait"/>
  <testcase name="TC_04_Staleness" time="1.853" classname="webdriver.Topic_15_Wait"/>
</testsuite> <!-- webdriver.Topic_15_Wait -->
