<?xml version="1.0" encoding="UTF-8"?>
<!-- Generated by org.testng.reporters.JUnitReportReporter -->
<testsuite skipped="0" hostname="DESKTOP-6CGMIUT" name="webdriver.Topic_02_Xpath_CSS_Part_2" tests="4" failures="0" timestamp="04 Jul 2021 08:32:19 GMT" time="7.695" errors="0">
  <testcase name="TC_02_Login_invalid_Email" time="1.622" classname="webdriver.Topic_02_Xpath_CSS_Part_2"/>
  <testcase name="TC_01_Login_Empty_Email_Password" time="1.910" classname="webdriver.Topic_02_Xpath_CSS_Part_2"/>
  <testcase name="TC_04_Login_Incorrect_password" time="2.544" classname="webdriver.Topic_02_Xpath_CSS_Part_2"/>
  <testcase name="TC_03_Login_invalid_password" time="1.619" classname="webdriver.Topic_02_Xpath_CSS_Part_2"/>
</testsuite> <!-- webdriver.Topic_02_Xpath_CSS_Part_2 -->
