<?xml version="1.0" encoding="UTF-8"?>
<!-- Generated by org.testng.reporters.JUnitXMLReporter -->
<testsuite ignored="0" hostname="MacBook-Air-cua-Hungdq.local" failures="1" tests="1" name="Run on Chrome" time="18.996" errors="0" timestamp="2025-11-04T15:43:32 ICT">
  <testcase classname="com.chub.admin.Search_Article_List" name="Article_search" time="8.192">
    <failure type="java.lang.RuntimeException" message="❌ Could not find window with title: Đăng nhập | TikTok">
      <![CDATA[java.lang.RuntimeException: ❌ Could not find window with title: Đăng nhập | TikTok
at commons.BasePage.switchToWindowByTitle(BasePage.java:123)
at com.chub.admin.Search_Article_List.Article_search(Search_Article_List.java:55)
at java.base/java.util.ArrayList.forEach(ArrayList.java:1596)
at java.base/java.util.concurrent.FutureTask.run(FutureTask.java:317)
at java.base/java.util.concurrent.ThreadPoolExecutor.runWorker(ThreadPoolExecutor.java:1144)
at java.base/java.util.concurrent.ThreadPoolExecutor$Worker.run(ThreadPoolExecutor.java:642)
at java.base/java.lang.Thread.run(Thread.java:1583)
... Removed 15 stack frames]]>
    </failure>
  </testcase> <!-- Article_search -->
</testsuite> <!-- Run on Chrome -->
